\BOOKMARK [1][-]{section.1}{\376\377\000I\000n\000t\000r\000o\000d\000u\000c\000t\000i\000o\000n}{}% 1
\BOOKMARK [1][-]{section.2}{\376\377\000B\000a\000c\000k\000g\000r\000o\000u\000n\000d}{}% 2
\BOOKMARK [1][-]{section.3}{\376\377\000N\000o\000n\000-\000E\000r\000g\000o\000d\000i\000c\000\040\000M\000e\000s\000s\0003\000\040\000M\000i\000x\000t\000u\000r\000e}{}% 3
\BOOKMARK [2][-]{subsection.3.1}{\376\377\000C\000o\000n\000s\000t\000r\000u\000c\000t\000i\000o\000n}{section.3}% 4
\BOOKMARK [2][-]{subsection.3.2}{\376\377\000R\000e\000l\000e\000v\000a\000n\000c\000e\000\040\000t\000o\000\040\000L\000a\000n\000g\000u\000a\000g\000e\000\040\000M\000o\000d\000e\000l\000s}{section.3}% 5
\BOOKMARK [2][-]{subsection.3.3}{\376\377\000E\000x\000p\000e\000r\000i\000m\000e\000n\000t\000a\000l\000\040\000S\000e\000t\000u\000p}{section.3}% 6
\BOOKMARK [1][-]{section.4}{\376\377\000P\000r\000e\000-\000R\000e\000g\000i\000s\000t\000e\000r\000e\000d\000\040\000P\000r\000e\000d\000i\000c\000t\000i\000o\000n\000s}{}% 7
\BOOKMARK [2][-]{subsection.4.1}{\376\377\000M\000a\000t\000h\000e\000m\000a\000t\000i\000c\000a\000l\000\040\000D\000e\000r\000i\000v\000a\000t\000i\000o\000n}{section.4}% 8
\BOOKMARK [2][-]{subsection.4.2}{\376\377\000G\000e\000o\000m\000e\000t\000r\000i\000c\000\040\000P\000r\000e\000d\000i\000c\000t\000i\000o\000n\000s}{section.4}% 9
\BOOKMARK [2][-]{subsection.4.3}{\376\377\000M\000u\000l\000t\000i\000p\000l\000e\000\040\000P\000o\000s\000s\000i\000b\000l\000e\000\040\000G\000e\000o\000m\000e\000t\000r\000i\000e\000s}{section.4}% 10
\BOOKMARK [1][-]{section.5}{\376\377\000R\000e\000s\000u\000l\000t\000s}{}% 11
\BOOKMARK [2][-]{subsection.5.1}{\376\377\000P\000h\000a\000s\000e\000\040\0001\000:\000\040\000S\000i\000n\000g\000l\000e\000\040\000M\000e\000s\000s\0003\000\040\000V\000e\000r\000i\000f\000i\000c\000a\000t\000i\000o\000n}{section.5}% 12
\BOOKMARK [2][-]{subsection.5.2}{\376\377\000P\000h\000a\000s\000e\000\040\0002\000:\000\040\000N\000o\000n\000-\000E\000r\000g\000o\000d\000i\000c\000\040\000M\000i\000x\000t\000u\000r\000e}{section.5}% 13
\BOOKMARK [3][-]{subsubsection.5.2.1}{\376\377\000T\000r\000a\000i\000n\000i\000n\000g\000\040\000D\000y\000n\000a\000m\000i\000c\000s}{subsection.5.2}% 14
\BOOKMARK [3][-]{subsubsection.5.2.2}{\376\377\000D\000i\000m\000e\000n\000s\000i\000o\000n\000a\000l\000i\000t\000y\000\040\000A\000n\000a\000l\000y\000s\000i\000s}{subsection.5.2}% 15
\BOOKMARK [3][-]{subsubsection.5.2.3}{\376\377\000B\000e\000l\000i\000e\000f\000\040\000R\000e\000g\000r\000e\000s\000s\000i\000o\000n}{subsection.5.2}% 16
\BOOKMARK [3][-]{subsubsection.5.2.4}{\376\377\000P\000e\000r\000-\000P\000o\000s\000i\000t\000i\000o\000n\000\040\000L\000o\000s\000s\000\040\000v\000s\000\040\000B\000a\000y\000e\000s\000-\000O\000p\000t\000i\000m\000a\000l}{subsection.5.2}% 17
\BOOKMARK [1][-]{section.6}{\376\377\000A\000d\000d\000i\000t\000i\000o\000n\000a\000l\000\040\000A\000n\000a\000l\000y\000s\000i\000s\000:\000\040\000S\000y\000n\000c\000h\000r\000o\000n\000i\000z\000a\000t\000i\000o\000n\000\040\000D\000y\000n\000a\000m\000i\000c\000s}{}% 18
\BOOKMARK [2][-]{subsection.6.1}{\376\377\000P\000o\000s\000i\000t\000i\000o\000n\000-\000w\000i\000s\000e\000\040\000p\000r\000o\000b\000i\000n\000g}{section.6}% 19
\BOOKMARK [2][-]{subsection.6.2}{\376\377\000L\000a\000y\000e\000r\000-\000w\000i\000s\000e\000\040\000p\000r\000o\000b\000i\000n\000g}{section.6}% 20
\BOOKMARK [2][-]{subsection.6.3}{\376\377\000A\000t\000t\000e\000n\000t\000i\000o\000n\000\040\000p\000a\000t\000t\000e\000r\000n\000s}{section.6}% 21
\BOOKMARK [2][-]{subsection.6.4}{\376\377\000C\000o\000n\000n\000e\000c\000t\000i\000o\000n\000\040\000t\000o\000\040\000I\000C\000L}{section.6}% 22
\BOOKMARK [1][-]{section.7}{\376\377\000D\000i\000s\000c\000u\000s\000s\000i\000o\000n}{}% 23
\BOOKMARK [1][-]{appendix.A}{\376\377\000M\000e\000s\000s\0003\000\040\000T\000r\000a\000n\000s\000i\000t\000i\000o\000n\000\040\000M\000a\000t\000r\000i\000c\000e\000s}{}% 24
\BOOKMARK [1][-]{appendix.B}{\376\377\000B\000a\000y\000e\000s\000-\000O\000p\000t\000i\000m\000a\000l\000\040\000L\000o\000s\000s\000\040\000D\000e\000r\000i\000v\000a\000t\000i\000o\000n}{}% 25
\BOOKMARK [1][-]{appendix.C}{\376\377\000C\000o\000d\000e}{}% 26
